TN:
SF:crawl.js
FN:4,normalizeURL
FN:16,getURLsFromHTML
FN:38,crawlPage
FNF:3
FNH:2
FNDA:4,normalizeURL
FNDA:4,getURLsFromHTML
FNDA:0,crawlPage
DA:1,1
DA:2,1
DA:3,1
DA:4,4
DA:5,4
DA:6,0
DA:7,0
DA:8,4
DA:9,4
DA:10,4
DA:11,1
DA:12,1
DA:13,4
DA:14,4
DA:15,1
DA:16,4
DA:17,4
DA:18,4
DA:19,4
DA:20,4
DA:21,5
DA:22,2
DA:23,2
DA:24,2
DA:25,0
DA:26,0
DA:27,5
DA:28,3
DA:29,3
DA:30,3
DA:31,1
DA:32,1
DA:33,3
DA:34,5
DA:35,4
DA:36,4
DA:37,1
DA:38,0
DA:39,0
DA:40,0
DA:41,0
DA:42,0
DA:43,0
DA:44,0
DA:45,0
DA:46,0
DA:47,0
DA:48,0
DA:49,0
DA:50,0
DA:51,0
DA:52,0
DA:53,0
DA:54,0
DA:55,0
DA:56,0
DA:57,0
DA:58,0
DA:59,0
DA:60,0
DA:61,0
DA:62,0
DA:63,0
DA:64,0
DA:65,0
DA:66,0
DA:67,0
DA:68,0
DA:69,0
DA:70,0
DA:71,0
DA:72,0
DA:73,0
DA:74,0
DA:75,0
DA:76,0
DA:77,0
DA:78,0
DA:79,0
DA:80,0
DA:81,1
DA:82,1
DA:83,1
DA:84,1
DA:85,1
DA:86,1
LF:86
LH:39
BRDA:4,0,0,4
BRDA:5,1,0,0
BRDA:10,2,0,1
BRDA:16,3,0,4
BRDA:20,4,0,5
BRDA:21,5,0,2
BRDA:24,6,0,0
BRDA:27,7,0,3
BRDA:30,8,0,1
BRF:9
BRH:7
end_of_record
TN:
SF:sanity.js
FN:1,recordOutputs
FNF:1
FNH:1
FNDA:1,recordOutputs
DA:1,1
DA:2,1
DA:3,1
DA:4,3
DA:5,3
DA:6,1
DA:7,1
DA:8,1
DA:9,1
DA:10,1
DA:11,1
LF:11
LH:11
BRDA:1,0,0,1
BRDA:3,1,0,3
BRF:2
BRH:2
end_of_record
